To https://github.com/tumbil-org/tumbil-os.git
   6624d1d..cc9c916  gh-pages -> gh-pages
To https://github.com/tumbil-org/tumbil-os.git
   c6aa4f0..37a8c44  gh-pages -> gh-pages
To https://github.com/tumbil-org/tumbil-os.git
   37a8c44..66ad990  gh-pages -> gh-pages
To https://github.com/tumbil-org/tumbil-os.git
   66ad990..96e97c9  gh-pages -> gh-pages
To https://github.com/tumbil-org/tumbil-os.git
   96e97c9..423a6cc  gh-pages -> gh-pages
To https://github.com/tumbil-org/tumbil-os.git
   423a6cc..014645d  gh-pages -> gh-pages
To https://github.com/tumbil-org/tumbil-os.git
   014645d..f7b9b7b  gh-pages -> gh-pages
Traceback (most recent call last):
  File "/Users/cliffpeskin/tumbil/tge/scripts/sync_data.py", line 83, in <module>
    def _extract_indexing_health(data: dict | None) -> dict | None:
TypeError: unsupported operand type(s) for |: 'type' and 'NoneType'
To https://github.com/tumbil-org/tumbil-os.git
   618536b..1d8652c  gh-pages -> gh-pages
To https://github.com/tumbil-org/tumbil-os.git
   7cc4a99..33b4160  gh-pages -> gh-pages
To https://github.com/tumbil-org/tumbil-os.git
   33b4160..0934dbb  gh-pages -> gh-pages
To https://github.com/tumbil-org/tumbil-os.git
   b64bee5..c328a60  gh-pages -> gh-pages
To https://github.com/tumbil-org/tumbil-os.git
   db9053f..97d250a  gh-pages -> gh-pages
To https://github.com/tumbil-org/tumbil-os.git
   c4b7322..9e22840  gh-pages -> gh-pages
To https://github.com/tumbil-org/tumbil-os.git
   b23946d..feb7a01  gh-pages -> gh-pages
To https://github.com/tumbil-org/tumbil-os.git
   10617af..4071f5e  gh-pages -> gh-pages
