[TumbilOS] Starting deploy at Thu Mar 19 06:17:40 EDT 2026
[TumbilOS] Syncing TGE data...
Dashboard data written to /Users/cliffpeskin/tumbil/tge/dashboard/data.json
  Latest briefing: 2026-03-18
  Scorecard items: 12
  Implementation rate: 4.3%
  Days without action: 22
  Daily trend points: 16
[TumbilOS] Encrypting dashboard...
Already up to date.
[gh-pages cc9c916] Update dashboard data 2026-03-19
 2 files changed, 10 insertions(+), 10 deletions(-)
[TumbilOS] Deployed successfully.
[TumbilOS] Done at Thu Mar 19 06:17:42 EDT 2026
[TumbilOS] Starting deploy at Fri Mar 20 06:15:00 EDT 2026
[TumbilOS] Syncing TGE data...
Dashboard data written to /Users/cliffpeskin/tumbil/tge/dashboard/data.json
  Latest briefing: 2026-03-20
  Scorecard items: 12
  Implementation rate: 4.0%
  Days without action: 24
  Daily trend points: 17
[TumbilOS] Encrypting dashboard...
Already up to date.
[gh-pages 37a8c44] Update dashboard data 2026-03-20
 2 files changed, 112 insertions(+), 104 deletions(-)
[TumbilOS] Deployed successfully.
[TumbilOS] Done at Fri Mar 20 06:15:02 EDT 2026
[TumbilOS] Starting deploy at Sat Mar 21 06:15:51 EDT 2026
[TumbilOS] Syncing TGE data...
Dashboard data written to /Users/cliffpeskin/tumbil/tge/dashboard/data.json
  Latest briefing: 2026-03-20
  Scorecard items: 12
  Implementation rate: 4.0%
  Days without action: 24
  Daily trend points: 18
[TumbilOS] Encrypting dashboard...
Already up to date.
[gh-pages 66ad990] Update dashboard data 2026-03-21
 2 files changed, 10 insertions(+), 10 deletions(-)
[TumbilOS] Deployed successfully.
[TumbilOS] Done at Sat Mar 21 06:15:54 EDT 2026
[TumbilOS] Starting deploy at Sun Mar 22 06:15:04 EDT 2026
[TumbilOS] Syncing TGE data...
Dashboard data written to /Users/cliffpeskin/tumbil/tge/dashboard/data.json
  Latest briefing: 2026-03-22
  Scorecard items: 12
  Implementation rate: 7.4%
  Days without action: 1
  Daily trend points: 19
[TumbilOS] Encrypting dashboard...
Already up to date.
[gh-pages 96e97c9] Update dashboard data 2026-03-22
 2 files changed, 119 insertions(+), 104 deletions(-)
[TumbilOS] Deployed successfully.
[TumbilOS] Done at Sun Mar 22 06:15:07 EDT 2026
[TumbilOS] Starting deploy at Mon Mar 23 06:15:32 EDT 2026
[TumbilOS] Syncing TGE data...
Dashboard data written to /Users/cliffpeskin/tumbil/tge/dashboard/data.json
  Latest briefing: 2026-03-22
  Scorecard items: 12
  Implementation rate: 7.4%
  Days without action: 1
  Daily trend points: 20
[TumbilOS] Encrypting dashboard...
Already up to date.
[gh-pages 423a6cc] Update dashboard data 2026-03-23
 2 files changed, 10 insertions(+), 10 deletions(-)
[TumbilOS] Deployed successfully.
[TumbilOS] Done at Mon Mar 23 06:15:34 EDT 2026
[TumbilOS] Starting deploy at Tue Mar 24 06:15:10 EDT 2026
[TumbilOS] Syncing TGE data...
Dashboard data written to /Users/cliffpeskin/tumbil/tge/dashboard/data.json
  Latest briefing: 2026-03-23
  Scorecard items: 13
  Implementation rate: 7.1%
  Days without action: 2
  Daily trend points: 21
[TumbilOS] Encrypting dashboard...
Already up to date.
[gh-pages 014645d] Update dashboard data 2026-03-24
 2 files changed, 113 insertions(+), 97 deletions(-)
[TumbilOS] Deployed successfully.
[TumbilOS] Done at Tue Mar 24 06:15:12 EDT 2026
[TumbilOS] Starting deploy at Wed Mar 25 06:15:05 EDT 2026
[TumbilOS] Syncing TGE data...
Dashboard data written to /Users/cliffpeskin/tumbil/tge/dashboard/data.json
  Latest briefing: 2026-03-25
  Scorecard items: 13
  Implementation rate: 6.7%
  Days without action: 4
  Daily trend points: 22
[TumbilOS] Encrypting dashboard...
Already up to date.
[gh-pages f7b9b7b] Update dashboard data 2026-03-25
 2 files changed, 122 insertions(+), 106 deletions(-)
[TumbilOS] Deployed successfully.
[TumbilOS] Done at Wed Mar 25 06:15:07 EDT 2026
[TumbilOS] Starting deploy at Thu Mar 26 06:15:05 EDT 2026
[TumbilOS] Syncing TGE data...
[TumbilOS] Starting deploy at Wed Apr  1 06:15:05 EDT 2026
[TumbilOS] Syncing TGE data...
Dashboard data written to /Users/cliffpeskin/tumbil/tge/dashboard/data.json
  Latest briefing: 2026-03-26
  Scorecard items: 12
  Implementation rate: 6.5%
  Days without action: 5
  Daily trend points: 24
[TumbilOS] Encrypting dashboard...
Updating ca49205..618536b
Fast-forward
 data.json  | 503 ++++++++++++++++++++++---------------------------------------
 index.html |   2 +-
 2 files changed, 181 insertions(+), 324 deletions(-)
[gh-pages 1d8652c] Update dashboard data 2026-04-01
 2 files changed, 281 insertions(+), 185 deletions(-)
[TumbilOS] Deployed successfully.
[TumbilOS] Done at Wed Apr  1 06:15:07 EDT 2026
[TumbilOS] Starting deploy at Thu Apr  2 06:15:05 EDT 2026
[TumbilOS] Syncing TGE data...
ERROR: No TGE analysis found in last 7 days
[TumbilOS] Starting deploy at Fri Apr  3 06:26:21 EDT 2026
[TumbilOS] Syncing TGE data...
Dashboard data written to /Users/cliffpeskin/tumbil/tge/dashboard/data.json
  Latest briefing: 2026-04-02
  Scorecard items: 13
  Implementation rate: 6.2%
  Days without action: 6
  Daily trend points: 24
[TumbilOS] Encrypting dashboard...
Updating 1d8652c..7cc4a99
Fast-forward
 data.json  | 513 +++++++++++++++++++++++++++----------------------------------
 index.html |   2 +-
 2 files changed, 225 insertions(+), 290 deletions(-)
[gh-pages 33b4160] Update dashboard data 2026-04-03
 2 files changed, 275 insertions(+), 214 deletions(-)
[TumbilOS] Deployed successfully.
[TumbilOS] Done at Fri Apr  3 06:26:24 EDT 2026
[TumbilOS] Starting deploy at Sat Apr  4 06:15:05 EDT 2026
[TumbilOS] Syncing TGE data...
Dashboard data written to /Users/cliffpeskin/tumbil/tge/dashboard/data.json
  Latest briefing: 2026-04-03
  Scorecard items: 13
  Implementation rate: 6.1%
  Days without action: 7
  Daily trend points: 24
[TumbilOS] Encrypting dashboard...
Already up to date.
[gh-pages 0934dbb] Update dashboard data 2026-04-04
 2 files changed, 108 insertions(+), 113 deletions(-)
[TumbilOS] Deployed successfully.
[TumbilOS] Done at Sat Apr  4 06:15:07 EDT 2026
[TumbilOS] Starting deploy at Sun Apr  5 06:16:01 EDT 2026
[TumbilOS] Syncing TGE data...
Dashboard data written to /Users/cliffpeskin/tumbil/tge/dashboard/data.json
  Latest briefing: 2026-04-03
  Scorecard items: 13
  Implementation rate: 6.1%
  Days without action: 7
  Daily trend points: 23
[TumbilOS] Encrypting dashboard...
Updating 0934dbb..b64bee5
Fast-forward
 data.json  | 516 ++++++++++++++++++++++++++++---------------------------------
 index.html |   2 +-
 2 files changed, 235 insertions(+), 283 deletions(-)
[gh-pages c328a60] Update dashboard data 2026-04-05
 2 files changed, 268 insertions(+), 236 deletions(-)
[TumbilOS] Deployed successfully.
[TumbilOS] Done at Sun Apr  5 08:57:25 EDT 2026
[TumbilOS] Starting deploy at Mon Apr  6 06:17:57 EDT 2026
[TumbilOS] Syncing TGE data...
Dashboard data written to /Users/cliffpeskin/tumbil/tge/dashboard/data.json
  Latest briefing: 2026-04-03
  Scorecard items: 13
  Implementation rate: 6.1%
  Days without action: 7
  Daily trend points: 22
[TumbilOS] Encrypting dashboard...
Updating c328a60..db9053f
Fast-forward
 data.json  | 527 +++++++++++++++++++++++++++++--------------------------------
 index.html |   2 +-
 2 files changed, 253 insertions(+), 276 deletions(-)
[gh-pages 97d250a] Update dashboard data 2026-04-06
 2 files changed, 260 insertions(+), 253 deletions(-)
[TumbilOS] Deployed successfully.
[TumbilOS] Done at Mon Apr  6 06:18:00 EDT 2026
[TumbilOS] Starting deploy at Tue Apr  7 06:21:36 EDT 2026
[TumbilOS] Syncing TGE data...
Dashboard data written to /Users/cliffpeskin/tumbil/tge/dashboard/data.json
  Latest briefing: 2026-04-03
  Scorecard items: 13
  Implementation rate: 6.1%
  Days without action: 7
  Daily trend points: 21
[TumbilOS] Encrypting dashboard...
Updating 97d250a..c4b7322
Fast-forward
 data.json  | 434 ++++++++++++++++++++++++++-----------------------------------
 index.html |   2 +-
 2 files changed, 182 insertions(+), 254 deletions(-)
[gh-pages 9e22840] Update dashboard data 2026-04-07
 2 files changed, 238 insertions(+), 182 deletions(-)
[TumbilOS] Deployed successfully.
[TumbilOS] Done at Tue Apr  7 06:21:39 EDT 2026
[TumbilOS] Starting deploy at Wed Apr  8 06:23:22 EDT 2026
[TumbilOS] Syncing TGE data...
Dashboard data written to /Users/cliffpeskin/tumbil/tge/dashboard/data.json
  Latest briefing: 2026-04-03
  Scorecard items: 13
  Implementation rate: 8.8%
  Days without action: 0
  Daily trend points: 20
[TumbilOS] Encrypting dashboard...
Updating 9e22840..b23946d
Fast-forward
 data.json  | 450 +++++++++++++++++++++++++++----------------------------------
 index.html |   2 +-
 2 files changed, 202 insertions(+), 250 deletions(-)
[gh-pages feb7a01] Update dashboard data 2026-04-08
 2 files changed, 232 insertions(+), 192 deletions(-)
[TumbilOS] Deployed successfully.
[TumbilOS] Done at Wed Apr  8 06:23:25 EDT 2026
[TumbilOS] Starting deploy at Thu Apr  9 06:20:47 EDT 2026
[TumbilOS] Syncing TGE data...
Dashboard data written to /Users/cliffpeskin/tumbil/tge/dashboard/data.json
  Latest briefing: 2026-04-03
  Scorecard items: 13
  Implementation rate: 8.8%
  Days without action: 0
  Daily trend points: 19
[TumbilOS] Encrypting dashboard...
Updating feb7a01..10617af
Fast-forward
 data.json  | 427 +++++++++++++++++++++++++++----------------------------------
 index.html |   2 +-
 2 files changed, 193 insertions(+), 236 deletions(-)
[gh-pages 4071f5e] Update dashboard data 2026-04-09
 2 files changed, 220 insertions(+), 193 deletions(-)
[TumbilOS] Deployed successfully.
[TumbilOS] Done at Thu Apr  9 06:20:49 EDT 2026
[TumbilOS] Starting deploy at Fri Apr 10 06:17:29 EDT 2026
[TumbilOS] Syncing TGE data...
ERROR: No TGE analysis found in last 7 days
